Using pre-set license
Built from '2021.3/staging' branch; Version is '2021.3.11f1 (0a5ca18544bf) revision 679073'; Using compiler version '192829333'; Build Type 'Release'
OS: 'Windows 10  (10.0.19044) 64bit Core' Language: 'ko' Physical Memory: 8051 MB
BatchMode: 1, IsHumanControllingUs: 0, StartBugReporterOnCrash: 0, Is64bit: 1, IsPro: 1

COMMAND LINE ARGUMENTS:
D:\unity\2021.3.11f1\Editor\Unity.exe
-adb2
-batchMode
-noUpm
-name
AssetImportWorker0
-projectPath
D:/New Unity Project (1)
-logFile
Logs/AssetImportWorker0.log
-srvPort
52112
Successfully changed project path to: D:/New Unity Project (1)
D:/New Unity Project (1)
[UnityMemory] Configuration Parameters - Can be set up in boot.config
    "memorysetup-bucket-allocator-granularity=16"
    "memorysetup-bucket-allocator-bucket-count=8"
    "memorysetup-bucket-allocator-block-size=33554432"
    "memorysetup-bucket-allocator-block-count=8"
    "memorysetup-main-allocator-block-size=16777216"
    "memorysetup-thread-allocator-block-size=16777216"
    "memorysetup-gfx-main-allocator-block-size=16777216"
    "memorysetup-gfx-thread-allocator-block-size=16777216"
    "memorysetup-cache-allocator-block-size=4194304"
    "memorysetup-typetree-allocator-block-size=2097152"
    "memorysetup-profiler-bucket-allocator-granularity=16"
    "memorysetup-profiler-bucket-allocator-bucket-count=8"
    "memorysetup-profiler-bucket-allocator-block-size=33554432"
    "memorysetup-profiler-bucket-allocator-block-count=8"
    "memorysetup-profiler-allocator-block-size=16777216"
    "memorysetup-profiler-editor-allocator-block-size=1048576"
    "memorysetup-temp-allocator-size-main=16777216"
    "memorysetup-job-temp-allocator-block-size=2097152"
    "memorysetup-job-temp-allocator-block-size-background=1048576"
    "memorysetup-job-temp-allocator-reduction-small-platforms=262144"
    "memorysetup-temp-allocator-size-background-worker=32768"
    "memorysetup-temp-allocator-size-job-worker=262144"
    "memorysetup-temp-allocator-size-preload-manager=33554432"
    "memorysetup-temp-allocator-size-nav-mesh-worker=65536"
    "memorysetup-temp-allocator-size-audio-worker=65536"
    "memorysetup-temp-allocator-size-cloud-worker=32768"
    "memorysetup-temp-allocator-size-gi-baking-worker=262144"
    "memorysetup-temp-allocator-size-gfx=262144"
Refreshing native plugins compatible for Editor in 89.05 ms, found 3 plugins.
Preloading 0 native plugins for Editor in 0.00 ms.
Initialize engine version: 2021.3.11f1 (0a5ca18544bf)
[Subsystems] Discovering subsystems at path D:/unity/2021.3.11f1/Editor/Data/Resources/UnitySubsystems
[Subsystems] Discovering subsystems at path D:/New Unity Project (1)/Assets
GfxDevice: creating device client; threaded=0; jobified=0
Direct3D:
    Version:  Direct3D 11.0 [level 11.1]
    Renderer: Intel(R) HD Graphics 620 (ID=0x5916)
    Vendor:   Intel
    VRAM:     4025 MB
    Driver:   23.20.16.4849
Initialize mono
Mono path[0] = 'D:/unity/2021.3.11f1/Editor/Data/Managed'
Mono path[1] = 'D:/unity/2021.3.11f1/Editor/Data/MonoBleedingEdge/lib/mono/unityjit-win32'
Mono config path = 'D:/unity/2021.3.11f1/Editor/Data/MonoBleedingEdge/etc'
Using monoOptions --debugger-agent=transport=dt_socket,embedding=1,server=y,suspend=n,address=127.0.0.1:56476
Begin MonoManager ReloadAssembly
Registering precompiled unity dll's ...
Register platform support module: D:/unity/2021.3.11f1/Editor/Data/PlaybackEngines/WebGLSupport/UnityEditor.WebGL.Extensions.dll
Register platform support module: D:/unity/2021.3.11f1/Editor/Data/PlaybackEngines/WindowsStandaloneSupport/UnityEditor.WindowsStandalone.Extensions.dll
Registered in 0.012607 seconds.
Native extension for WindowsStandalone target not found
Native extension for WebGL target not found
Refreshing native plugins compatible for Editor in 107.56 ms, found 3 plugins.
Preloading 0 native plugins for Editor in 0.00 ms.
Mono: successfully reloaded assembly
- Completed reload, in  1.234 seconds
Domain Reload Profiling:
	ReloadAssembly (1234ms)
		BeginReloadAssembly (293ms)
			ExecutionOrderSort (0ms)
			DisableScriptedObjects (0ms)
			BackupInstance (0ms)
			ReleaseScriptingObjects (0ms)
			CreateAndSetChildDomain (1ms)
		EndReloadAssembly (749ms)
			LoadAssemblies (294ms)
			RebuildTransferFunctionScriptingTraits (1ms)
			SetupTypeCache (194ms)
			ReleaseScriptCaches (0ms)
			RebuildScriptCaches (48ms)
			SetupLoadedEditorAssemblies (417ms)
				LogAssemblyErrors (0ms)
				InitializePlatformSupportModulesInManaged (13ms)
				SetLoadedEditorAssemblies (0ms)
				RefreshPlugins (108ms)
				BeforeProcessingInitializeOnLoad (2ms)
				ProcessInitializeOnLoadAttributes (189ms)
				ProcessInitializeOnLoadMethodAttributes (105ms)
				AfterProcessingInitializeOnLoad (0ms)
				EditorAssembliesLoaded (0ms)
			ExecutionOrderSort2 (0ms)
			AwakeInstancesAfterBackupRestoration (0ms)
Platform modules already initialized, skipping
Registering precompiled user dll's ...
Registered in 0.015354 seconds.
Begin MonoManager ReloadAssembly
Native extension for WindowsStandalone target not found
Native extension for WebGL target not found
Refreshing native plugins compatible for Editor in 131.35 ms, found 3 plugins.
Preloading 0 native plugins for Editor in 0.00 ms.
Mono: successfully reloaded assembly
- Completed reload, in  2.449 seconds
Domain Reload Profiling:
	ReloadAssembly (2450ms)
		BeginReloadAssembly (213ms)
			ExecutionOrderSort (0ms)
			DisableScriptedObjects (12ms)
			BackupInstance (0ms)
			ReleaseScriptingObjects (0ms)
			CreateAndSetChildDomain (24ms)
		EndReloadAssembly (2047ms)
			LoadAssemblies (347ms)
			RebuildTransferFunctionScriptingTraits (0ms)
			SetupTypeCache (564ms)
			ReleaseScriptCaches (1ms)
			RebuildScriptCaches (122ms)
			SetupLoadedEditorAssemblies (935ms)
				LogAssemblyErrors (0ms)
				InitializePlatformSupportModulesInManaged (8ms)
				SetLoadedEditorAssemblies (0ms)
				RefreshPlugins (132ms)
				BeforeProcessingInitializeOnLoad (168ms)
				ProcessInitializeOnLoadAttributes (441ms)
				ProcessInitializeOnLoadMethodAttributes (177ms)
				AfterProcessingInitializeOnLoad (9ms)
				EditorAssembliesLoaded (0ms)
			ExecutionOrderSort2 (0ms)
			AwakeInstancesAfterBackupRestoration (29ms)
Platform modules already initialized, skipping
========================================================================
Worker process is ready to serve import requests
Launched and connected shader compiler UnityShaderCompiler.exe after 0.15 seconds
Refreshing native plugins compatible for Editor in 1.52 ms, found 3 plugins.
Preloading 0 native plugins for Editor in 0.00 ms.
Unloading 3917 Unused Serialized files (Serialized files now loaded: 0)
Unloading 38 unused Assets / (0.7 MB). Loaded Objects now: 4373.
Memory consumption went from 174.7 MB to 174.0 MB.
Total: 9.898400 ms (FindLiveObjects: 0.494700 ms CreateObjectMapping: 1.422700 ms MarkObjects: 7.347700 ms  DeleteObjects: 0.631400 ms)

AssetImportParameters requested are different than current active one (requested -> active):
  custom:video-decoder-ogg-theora: a1e56fd34408186e4bbccfd4996cb3dc -> 
  custom:container-muxer-webm: aa71ff27fc2769a1b78a27578f13a17b -> 
  custom:container-demuxer-webm: 4f35f7cbe854078d1ac9338744f61a02 -> 
  custom:video-encoder-webm-vp8: eb34c28f22e8b96e1ab97ce403110664 -> 
  custom:video-codec-MediaFoundation-h265: 746d11721c4dcdbdad8f713fa42b33f4 -> 
  custom:audio-encoder-webm-vorbis: bf7c407c2cedff20999df2af8eb42d56 -> 
  custom:framework-win-MediaFoundation: 216162199b28c13a410421893ffa2e32 -> 
  custom:container-demuxer-ogg: 62fdf1f143b41e24485cea50d1cbac27 -> 
  custom:video-decoder-webm-vp8: 9c59270c3fd7afecdb556c50c9e8de78 -> 
  custom:audio-decoder-ogg-vorbis: bf7c407c2cedff20999df2af8eb42d56 -> 
========================================================================
Received Prepare
Registering precompiled user dll's ...
Registered in 0.014718 seconds.
Begin MonoManager ReloadAssembly
Native extension for WindowsStandalone target not found
Native extension for WebGL target not found
Refreshing native plugins compatible for Editor in 2.83 ms, found 3 plugins.
Preloading 0 native plugins for Editor in 0.00 ms.
Mono: successfully reloaded assembly
- Completed reload, in  6.763 seconds
Domain Reload Profiling:
	ReloadAssembly (6771ms)
		BeginReloadAssembly (1294ms)
			ExecutionOrderSort (0ms)
			DisableScriptedObjects (43ms)
			BackupInstance (0ms)
			ReleaseScriptingObjects (0ms)
			CreateAndSetChildDomain (143ms)
		EndReloadAssembly (4938ms)
			LoadAssemblies (1265ms)
			RebuildTransferFunctionScriptingTraits (0ms)
			SetupTypeCache (1507ms)
			ReleaseScriptCaches (13ms)
			RebuildScriptCaches (272ms)
			SetupLoadedEditorAssemblies (2236ms)
				LogAssemblyErrors (0ms)
				InitializePlatformSupportModulesInManaged (59ms)
				SetLoadedEditorAssemblies (4ms)
				RefreshPlugins (3ms)
				BeforeProcessingInitializeOnLoad (312ms)
				ProcessInitializeOnLoadAttributes (1307ms)
				ProcessInitializeOnLoadMethodAttributes (523ms)
				AfterProcessingInitializeOnLoad (26ms)
				EditorAssembliesLoaded (1ms)
			ExecutionOrderSort2 (0ms)
			AwakeInstancesAfterBackupRestoration (116ms)
Platform modules already initialized, skipping
Refreshing native plugins compatible for Editor in 5.76 ms, found 3 plugins.
Preloading 0 native plugins for Editor in 0.00 ms.
Unloading 3774 Unused Serialized files (Serialized files now loaded: 0)
Unloading 25 unused Assets / (0.7 MB). Loaded Objects now: 4376.
Memory consumption went from 164.0 MB to 163.4 MB.
Total: 9.039600 ms (FindLiveObjects: 0.419500 ms CreateObjectMapping: 0.490100 ms MarkObjects: 7.541300 ms  DeleteObjects: 0.586600 ms)

AssetImportParameters requested are different than current active one (requested -> active):
  custom:video-decoder-ogg-theora: a1e56fd34408186e4bbccfd4996cb3dc -> 
  custom:container-muxer-webm: aa71ff27fc2769a1b78a27578f13a17b -> 
  custom:container-demuxer-webm: 4f35f7cbe854078d1ac9338744f61a02 -> 
  custom:video-encoder-webm-vp8: eb34c28f22e8b96e1ab97ce403110664 -> 
  custom:video-codec-MediaFoundation-h265: 746d11721c4dcdbdad8f713fa42b33f4 -> 
  custom:audio-encoder-webm-vorbis: bf7c407c2cedff20999df2af8eb42d56 -> 
  custom:framework-win-MediaFoundation: 216162199b28c13a410421893ffa2e32 -> 
  custom:container-demuxer-ogg: 62fdf1f143b41e24485cea50d1cbac27 -> 
  custom:video-decoder-webm-vp8: 9c59270c3fd7afecdb556c50c9e8de78 -> 
  custom:audio-decoder-ogg-vorbis: bf7c407c2cedff20999df2af8eb42d56 -> 
========================================================================
Received Import Request.
  Time since last request: 1229241.298346 seconds.
  path: Assets/그림1.png
  artifactKey: Guid(9235f9da774c8224db65515d4b4cd7d6) Importer(815301076,1909f56bfc062723c751e8b465ee728b)
Start importing Assets/그림1.png using Guid(9235f9da774c8224db65515d4b4cd7d6) Importer(815301076,1909f56bfc062723c751e8b465ee728b)  -> (artifact id: '1c0c1f06e0b274dafcd3b6b4171c5d1b') in 0.550207 seconds 
========================================================================
Received Import Request.
  Time since last request: 0.000046 seconds.
  path: Assets/UniversalRenderPipelineGlobalSettings.asset
  artifactKey: Guid(fe401f2a654fb134f811ae66cfa9e925) Importer(815301076,1909f56bfc062723c751e8b465ee728b)
Start importing Assets/UniversalRenderPipelineGlobalSettings.asset using Guid(fe401f2a654fb134f811ae66cfa9e925) Importer(815301076,1909f56bfc062723c751e8b465ee728b)  -> (artifact id: '5e86f8893a52848d48d6eff4d161f65a') in 0.017264 seconds 
========================================================================
Received Import Request.
  Time since last request: 0.000054 seconds.
  path: Assets/unnamed.png
  artifactKey: Guid(3686acd0474a7b44b937b4ff53290d0d) Importer(815301076,1909f56bfc062723c751e8b465ee728b)
Start importing Assets/unnamed.png using Guid(3686acd0474a7b44b937b4ff53290d0d) Importer(815301076,1909f56bfc062723c751e8b465ee728b)  -> (artifact id: '1632a44fd2a92d03069830f8be78ddaa') in 0.044637 seconds 
========================================================================
Received Import Request.
  Time since last request: 0.000049 seconds.
  path: Assets/birthday.mp3
  artifactKey: Guid(8ce05d6a00f6070438da162d34c79679) Importer(815301076,1909f56bfc062723c751e8b465ee728b)
Start importing Assets/birthday.mp3 using Guid(8ce05d6a00f6070438da162d34c79679) Importer(815301076,1909f56bfc062723c751e8b465ee728b)  -> (artifact id: 'c658ef06d94f1efa4989ebd56774beb8') in 0.171030 seconds 
========================================================================
Received Import Request.
  Time since last request: 0.000049 seconds.
  path: Assets/1558611109.png
  artifactKey: Guid(7e595fd3d02756c42ae5510fefcc2454) Importer(815301076,1909f56bfc062723c751e8b465ee728b)
Start importing Assets/1558611109.png using Guid(7e595fd3d02756c42ae5510fefcc2454) Importer(815301076,1909f56bfc062723c751e8b465ee728b)  -> (artifact id: '48484ca4d18c8729b23102e014cfc84e') in 0.124286 seconds 
========================================================================
Received Import Request.
  Time since last request: 0.000171 seconds.
  path: Assets/pop 1.png
  artifactKey: Guid(22eb0c748cbfdb34085b18f9f50cad9e) Importer(815301076,1909f56bfc062723c751e8b465ee728b)
Start importing Assets/pop 1.png using Guid(22eb0c748cbfdb34085b18f9f50cad9e) Importer(815301076,1909f56bfc062723c751e8b465ee728b)  -> (artifact id: '32e0314fa6744fabab2bed15cb92dbe5') in 0.051975 seconds 
========================================================================
Received Import Request.
  Time since last request: 0.000036 seconds.
  path: Assets/Audience Clapping - Sound Effect.mp3
  artifactKey: Guid(3eeb85e6ac1a4234ea4ce0d90d794d1e) Importer(815301076,1909f56bfc062723c751e8b465ee728b)
Start importing Assets/Audience Clapping - Sound Effect.mp3 using Guid(3eeb85e6ac1a4234ea4ce0d90d794d1e) Importer(815301076,1909f56bfc062723c751e8b465ee728b)  -> (artifact id: '59350f831986124b4ff335c19b8521dd') in 0.035750 seconds 
========================================================================
Received Import Request.
  Time since last request: 0.000040 seconds.
  path: Assets/그림2 1.png
  artifactKey: Guid(b2ddf89004033cd428f5ba859518bb88) Importer(815301076,1909f56bfc062723c751e8b465ee728b)
Start importing Assets/그림2 1.png using Guid(b2ddf89004033cd428f5ba859518bb88) Importer(815301076,1909f56bfc062723c751e8b465ee728b)  -> (artifact id: '6f18532365bc607dc3b12565b4cde79c') in 0.048747 seconds 
========================================================================
Received Import Request.
  Time since last request: 0.000043 seconds.
  path: Assets/1.PNG
  artifactKey: Guid(4c068e10a2c5c7847ada9a438a42e9c4) Importer(815301076,1909f56bfc062723c751e8b465ee728b)
Start importing Assets/1.PNG using Guid(4c068e10a2c5c7847ada9a438a42e9c4) Importer(815301076,1909f56bfc062723c751e8b465ee728b)  -> (artifact id: '90585a3523021e85c7b37ba2010844b7') in 0.096021 seconds 
========================================================================
Received Import Request.
  Time since last request: 0.000076 seconds.
  path: Assets/texting.PNG
  artifactKey: Guid(dbd5d057fb0de154d9f27f5e08962507) Importer(815301076,1909f56bfc062723c751e8b465ee728b)
Start importing Assets/texting.PNG using Guid(dbd5d057fb0de154d9f27f5e08962507) Importer(815301076,1909f56bfc062723c751e8b465ee728b)  -> (artifact id: '68c2402d56efab84fa370831b74b1bcd') in 0.040224 seconds 
========================================================================
Received Import Request.
  Time since last request: 0.000060 seconds.
  path: Assets/132-1322569_birthday-cake-candle-clip-art-transparent-background-birthday.png
  artifactKey: Guid(a510c577ac2006e41b4f0c169a01c0ec) Importer(815301076,1909f56bfc062723c751e8b465ee728b)
Start importing Assets/132-1322569_birthday-cake-candle-clip-art-transparent-background-birthday.png using Guid(a510c577ac2006e41b4f0c169a01c0ec) Importer(815301076,1909f56bfc062723c751e8b465ee728b)  -> (artifact id: 'e7c6aa4ebf2f9a5a800066894571ff07') in 0.048455 seconds 
========================================================================
Received Import Request.
  Time since last request: 0.000022 seconds.
  path: Assets/그림3.png
  artifactKey: Guid(db604de6ccb7d9947ba9b71cbb219a16) Importer(815301076,1909f56bfc062723c751e8b465ee728b)
Start importing Assets/그림3.png using Guid(db604de6ccb7d9947ba9b71cbb219a16) Importer(815301076,1909f56bfc062723c751e8b465ee728b)  -> (artifact id: '6ac87dfe1367beb18bbe0f6d19207528') in 0.036140 seconds 
========================================================================
Received Import Request.
  Time since last request: 0.000033 seconds.
  path: Assets/pop.png
  artifactKey: Guid(e69586babbbad8e4f840c9fd27deb1c2) Importer(815301076,1909f56bfc062723c751e8b465ee728b)
Start importing Assets/pop.png using Guid(e69586babbbad8e4f840c9fd27deb1c2) Importer(815301076,1909f56bfc062723c751e8b465ee728b)  -> (artifact id: '8b3f931173f9a6bb3741954f68385750') in 0.046065 seconds 
========================================================================
Received Import Request.
  Time since last request: 42.282818 seconds.
  path: Assets/renderer
  artifactKey: Guid(405bfdbb841646440b8c69175b6a44ea) Importer(815301076,1909f56bfc062723c751e8b465ee728b)
Start importing Assets/renderer using Guid(405bfdbb841646440b8c69175b6a44ea) Importer(815301076,1909f56bfc062723c751e8b465ee728b)  -> (artifact id: '2ea702512539de3d3367cea50e3bc7cd') in 0.004756 seconds 
========================================================================
Received Import Request.
  Time since last request: 0.037423 seconds.
  path: Assets/renderer/New 2D Renderer Data 1.asset
  artifactKey: Guid(7f0b2687a54f77b408b39fbd27d312cf) Importer(815301076,1909f56bfc062723c751e8b465ee728b)
Start importing Assets/renderer/New 2D Renderer Data 1.asset using Guid(7f0b2687a54f77b408b39fbd27d312cf) Importer(815301076,1909f56bfc062723c751e8b465ee728b)  -> (artifact id: '2b0faa2576686a4a23af4c807dfac084') in 0.005835 seconds 
========================================================================
Received Import Request.
  Time since last request: 0.000060 seconds.
  path: Assets/renderer/UniversalRenderPipelineAsset.asset
  artifactKey: Guid(70ed18b0508d00846b722063e4b59500) Importer(815301076,1909f56bfc062723c751e8b465ee728b)
Start importing Assets/renderer/UniversalRenderPipelineAsset.asset using Guid(70ed18b0508d00846b722063e4b59500) Importer(815301076,1909f56bfc062723c751e8b465ee728b)  -> (artifact id: 'f571406ba618f13b4240e3279a427991') in 0.007106 seconds 
========================================================================
Received Import Request.
  Time since last request: 0.000036 seconds.
  path: Assets/renderer/New 2D Renderer Data.asset
  artifactKey: Guid(398e6be232bccf444b0b61401180273e) Importer(815301076,1909f56bfc062723c751e8b465ee728b)
Start importing Assets/renderer/New 2D Renderer Data.asset using Guid(398e6be232bccf444b0b61401180273e) Importer(815301076,1909f56bfc062723c751e8b465ee728b)  -> (artifact id: '419d4f6b408f31659f1d5073ce923a61') in 0.011171 seconds 
========================================================================
Received Import Request.
  Time since last request: 0.000047 seconds.
  path: Assets/renderer/UniversalRenderPipelineAsset_Renderer.asset
  artifactKey: Guid(65ffde53826a28e499f6bf6059f1fdaa) Importer(815301076,1909f56bfc062723c751e8b465ee728b)
Start importing Assets/renderer/UniversalRenderPipelineAsset_Renderer.asset using Guid(65ffde53826a28e499f6bf6059f1fdaa) Importer(815301076,1909f56bfc062723c751e8b465ee728b)  -> (artifact id: 'a00dfa4187fe55d94047f4769b165b80') in 0.014134 seconds 
========================================================================
Received Prepare
Registering precompiled user dll's ...
Registered in 0.016190 seconds.
Begin MonoManager ReloadAssembly
Native extension for WindowsStandalone target not found
Native extension for WebGL target not found
Refreshing native plugins compatible for Editor in 2.13 ms, found 3 plugins.
Preloading 0 native plugins for Editor in 0.00 ms.
Mono: successfully reloaded assembly
- Completed reload, in  4.000 seconds
Domain Reload Profiling:
	ReloadAssembly (4001ms)
		BeginReloadAssembly (599ms)
			ExecutionOrderSort (0ms)
			DisableScriptedObjects (20ms)
			BackupInstance (0ms)
			ReleaseScriptingObjects (0ms)
			CreateAndSetChildDomain (142ms)
		EndReloadAssembly (3067ms)
			LoadAssemblies (539ms)
			RebuildTransferFunctionScriptingTraits (0ms)
			SetupTypeCache (819ms)
			ReleaseScriptCaches (4ms)
			RebuildScriptCaches (199ms)
			SetupLoadedEditorAssemblies (1451ms)
				LogAssemblyErrors (0ms)
				InitializePlatformSupportModulesInManaged (46ms)
				SetLoadedEditorAssemblies (3ms)
				RefreshPlugins (2ms)
				BeforeProcessingInitializeOnLoad (232ms)
				ProcessInitializeOnLoadAttributes (821ms)
				ProcessInitializeOnLoadMethodAttributes (333ms)
				AfterProcessingInitializeOnLoad (12ms)
				EditorAssembliesLoaded (1ms)
			ExecutionOrderSort2 (0ms)
			AwakeInstancesAfterBackupRestoration (71ms)
Platform modules already initialized, skipping
Refreshing native plugins compatible for Editor in 7.68 ms, found 3 plugins.
Preloading 0 native plugins for Editor in 0.00 ms.
Unloading 3776 Unused Serialized files (Serialized files now loaded: 0)
Unloading 27 unused Assets / (0.7 MB). Loaded Objects now: 4420.
Memory consumption went from 169.0 MB to 168.3 MB.
Total: 6.880400 ms (FindLiveObjects: 0.425300 ms CreateObjectMapping: 0.383000 ms MarkObjects: 5.141100 ms  DeleteObjects: 0.929300 ms)

AssetImportParameters requested are different than current active one (requested -> active):
  custom:video-decoder-ogg-theora: a1e56fd34408186e4bbccfd4996cb3dc -> 
  custom:container-muxer-webm: aa71ff27fc2769a1b78a27578f13a17b -> 
  custom:container-demuxer-webm: 4f35f7cbe854078d1ac9338744f61a02 -> 
  custom:video-encoder-webm-vp8: eb34c28f22e8b96e1ab97ce403110664 -> 
  custom:video-codec-MediaFoundation-h265: 746d11721c4dcdbdad8f713fa42b33f4 -> 
  custom:audio-encoder-webm-vorbis: bf7c407c2cedff20999df2af8eb42d56 -> 
  custom:framework-win-MediaFoundation: 216162199b28c13a410421893ffa2e32 -> 
  custom:container-demuxer-ogg: 62fdf1f143b41e24485cea50d1cbac27 -> 
  custom:video-decoder-webm-vp8: 9c59270c3fd7afecdb556c50c9e8de78 -> 
  custom:audio-decoder-ogg-vorbis: bf7c407c2cedff20999df2af8eb42d56 -> 
========================================================================
Received Import Request.
  Time since last request: 364.246005 seconds.
  path: Assets/2D Hand Painted/$Common/Materials/Hand Painted – Fire Smoke Particle.mat
  artifactKey: Guid(7aebdb4460bc14eaea8f1e9f07ae4dfe) Importer(815301076,1909f56bfc062723c751e8b465ee728b)
Start importing Assets/2D Hand Painted/$Common/Materials/Hand Painted – Fire Smoke Particle.mat using Guid(7aebdb4460bc14eaea8f1e9f07ae4dfe) Importer(815301076,1909f56bfc062723c751e8b465ee728b)  -> (artifact id: '9dad4a295caeca632f40702d64ae3d5d') in 0.653614 seconds 
========================================================================
Received Import Request.
  Time since last request: 3.690281 seconds.
  path: Assets/2D Hand Painted/$Common/Materials/Hand Painted – Fire Sparks Particle.mat
  artifactKey: Guid(cb13d7cdb5fad487d94f1f1fcadf9233) Importer(815301076,1909f56bfc062723c751e8b465ee728b)
Start importing Assets/2D Hand Painted/$Common/Materials/Hand Painted – Fire Sparks Particle.mat using Guid(cb13d7cdb5fad487d94f1f1fcadf9233) Importer(815301076,1909f56bfc062723c751e8b465ee728b)  -> (artifact id: '9a942fedd3c917a4c044c0b33420634f') in 0.026286 seconds 
========================================================================
Received Prepare
Registering precompiled user dll's ...
Registered in 0.013599 seconds.
Begin MonoManager ReloadAssembly
Native extension for WindowsStandalone target not found
Native extension for WebGL target not found
Refreshing native plugins compatible for Editor in 1.07 ms, found 3 plugins.
Preloading 0 native plugins for Editor in 0.00 ms.
Mono: successfully reloaded assembly
- Completed reload, in  4.246 seconds
Domain Reload Profiling:
	ReloadAssembly (4249ms)
		BeginReloadAssembly (595ms)
			ExecutionOrderSort (0ms)
			DisableScriptedObjects (31ms)
			BackupInstance (0ms)
			ReleaseScriptingObjects (0ms)
			CreateAndSetChildDomain (136ms)
		EndReloadAssembly (3285ms)
			LoadAssemblies (531ms)
			RebuildTransferFunctionScriptingTraits (0ms)
			SetupTypeCache (905ms)
			ReleaseScriptCaches (5ms)
			RebuildScriptCaches (199ms)
			SetupLoadedEditorAssemblies (1476ms)
				LogAssemblyErrors (0ms)
				InitializePlatformSupportModulesInManaged (47ms)
				SetLoadedEditorAssemblies (2ms)
				RefreshPlugins (1ms)
				BeforeProcessingInitializeOnLoad (227ms)
				ProcessInitializeOnLoadAttributes (846ms)
				ProcessInitializeOnLoadMethodAttributes (339ms)
				AfterProcessingInitializeOnLoad (13ms)
				EditorAssembliesLoaded (0ms)
			ExecutionOrderSort2 (0ms)
			AwakeInstancesAfterBackupRestoration (82ms)
Platform modules already initialized, skipping
Refreshing native plugins compatible for Editor in 4.99 ms, found 3 plugins.
Preloading 0 native plugins for Editor in 0.00 ms.
Unloading 3781 Unused Serialized files (Serialized files now loaded: 0)
Unloading 25 unused Assets / (0.7 MB). Loaded Objects now: 4500.
Memory consumption went from 172.2 MB to 171.5 MB.
Total: 7.524500 ms (FindLiveObjects: 0.485000 ms CreateObjectMapping: 0.388200 ms MarkObjects: 6.123700 ms  DeleteObjects: 0.526200 ms)

AssetImportParameters requested are different than current active one (requested -> active):
  custom:video-decoder-ogg-theora: a1e56fd34408186e4bbccfd4996cb3dc -> 
  custom:container-muxer-webm: aa71ff27fc2769a1b78a27578f13a17b -> 
  custom:container-demuxer-webm: 4f35f7cbe854078d1ac9338744f61a02 -> 
  custom:video-encoder-webm-vp8: eb34c28f22e8b96e1ab97ce403110664 -> 
  custom:video-codec-MediaFoundation-h265: 746d11721c4dcdbdad8f713fa42b33f4 -> 
  custom:audio-encoder-webm-vorbis: bf7c407c2cedff20999df2af8eb42d56 -> 
  custom:framework-win-MediaFoundation: 216162199b28c13a410421893ffa2e32 -> 
  custom:container-demuxer-ogg: 62fdf1f143b41e24485cea50d1cbac27 -> 
  custom:video-decoder-webm-vp8: 9c59270c3fd7afecdb556c50c9e8de78 -> 
  custom:audio-decoder-ogg-vorbis: bf7c407c2cedff20999df2af8eb42d56 -> 
========================================================================
Received Prepare
Registering precompiled user dll's ...
Registered in 0.014714 seconds.
Begin MonoManager ReloadAssembly
Native extension for WindowsStandalone target not found
Native extension for WebGL target not found
Refreshing native plugins compatible for Editor in 1.72 ms, found 3 plugins.
Preloading 0 native plugins for Editor in 0.00 ms.
Mono: successfully reloaded assembly
- Completed reload, in  3.271 seconds
Domain Reload Profiling:
	ReloadAssembly (3273ms)
		BeginReloadAssembly (569ms)
			ExecutionOrderSort (0ms)
			DisableScriptedObjects (34ms)
			BackupInstance (0ms)
			ReleaseScriptingObjects (1ms)
			CreateAndSetChildDomain (120ms)
		EndReloadAssembly (2358ms)
			LoadAssemblies (514ms)
			RebuildTransferFunctionScriptingTraits (0ms)
			SetupTypeCache (899ms)
			ReleaseScriptCaches (5ms)
			RebuildScriptCaches (175ms)
			SetupLoadedEditorAssemblies (664ms)
				LogAssemblyErrors (0ms)
				InitializePlatformSupportModulesInManaged (41ms)
				SetLoadedEditorAssemblies (2ms)
				RefreshPlugins (2ms)
				BeforeProcessingInitializeOnLoad (134ms)
				ProcessInitializeOnLoadAttributes (358ms)
				ProcessInitializeOnLoadMethodAttributes (120ms)
				AfterProcessingInitializeOnLoad (7ms)
				EditorAssembliesLoaded (0ms)
			ExecutionOrderSort2 (0ms)
			AwakeInstancesAfterBackupRestoration (43ms)
Platform modules already initialized, skipping
Refreshing native plugins compatible for Editor in 5.30 ms, found 3 plugins.
Preloading 0 native plugins for Editor in 0.00 ms.
Unloading 3782 Unused Serialized files (Serialized files now loaded: 0)
Unloading 25 unused Assets / (0.7 MB). Loaded Objects now: 4503.
Memory consumption went from 172.2 MB to 171.5 MB.
Total: 6.891400 ms (FindLiveObjects: 0.501900 ms CreateObjectMapping: 0.418100 ms MarkObjects: 5.377600 ms  DeleteObjects: 0.591500 ms)

AssetImportParameters requested are different than current active one (requested -> active):
  custom:video-decoder-ogg-theora: a1e56fd34408186e4bbccfd4996cb3dc -> 
  custom:container-muxer-webm: aa71ff27fc2769a1b78a27578f13a17b -> 
  custom:container-demuxer-webm: 4f35f7cbe854078d1ac9338744f61a02 -> 
  custom:video-encoder-webm-vp8: eb34c28f22e8b96e1ab97ce403110664 -> 
  custom:video-codec-MediaFoundation-h265: 746d11721c4dcdbdad8f713fa42b33f4 -> 
  custom:audio-encoder-webm-vorbis: bf7c407c2cedff20999df2af8eb42d56 -> 
  custom:framework-win-MediaFoundation: 216162199b28c13a410421893ffa2e32 -> 
  custom:container-demuxer-ogg: 62fdf1f143b41e24485cea50d1cbac27 -> 
  custom:video-decoder-webm-vp8: 9c59270c3fd7afecdb556c50c9e8de78 -> 
  custom:audio-decoder-ogg-vorbis: bf7c407c2cedff20999df2af8eb42d56 -> 
========================================================================
Received Prepare
Registering precompiled user dll's ...
Registered in 0.016473 seconds.
Begin MonoManager ReloadAssembly
Native extension for WindowsStandalone target not found
Native extension for WebGL target not found
Refreshing native plugins compatible for Editor in 3.15 ms, found 3 plugins.
Preloading 0 native plugins for Editor in 0.00 ms.
Mono: successfully reloaded assembly
- Completed reload, in  4.111 seconds
Domain Reload Profiling:
	ReloadAssembly (4113ms)
		BeginReloadAssembly (582ms)
			ExecutionOrderSort (0ms)
			DisableScriptedObjects (31ms)
			BackupInstance (0ms)
			ReleaseScriptingObjects (0ms)
			CreateAndSetChildDomain (125ms)
		EndReloadAssembly (3189ms)
			LoadAssemblies (557ms)
			RebuildTransferFunctionScriptingTraits (0ms)
			SetupTypeCache (839ms)
			ReleaseScriptCaches (5ms)
			RebuildScriptCaches (206ms)
			SetupLoadedEditorAssemblies (1510ms)
				LogAssemblyErrors (0ms)
				InitializePlatformSupportModulesInManaged (46ms)
				SetLoadedEditorAssemblies (1ms)
				RefreshPlugins (3ms)
				BeforeProcessingInitializeOnLoad (228ms)
				ProcessInitializeOnLoadAttributes (954ms)
				ProcessInitializeOnLoadMethodAttributes (269ms)
				AfterProcessingInitializeOnLoad (8ms)
				EditorAssembliesLoaded (0ms)
			ExecutionOrderSort2 (0ms)
			AwakeInstancesAfterBackupRestoration (33ms)
Platform modules already initialized, skipping
Refreshing native plugins compatible for Editor in 5.90 ms, found 3 plugins.
Preloading 0 native plugins for Editor in 0.00 ms.
Unloading 3782 Unused Serialized files (Serialized files now loaded: 0)
Unloading 25 unused Assets / (0.7 MB). Loaded Objects now: 4506.
Memory consumption went from 172.2 MB to 171.5 MB.
Total: 7.529800 ms (FindLiveObjects: 0.505400 ms CreateObjectMapping: 0.474500 ms MarkObjects: 5.947500 ms  DeleteObjects: 0.600400 ms)

AssetImportParameters requested are different than current active one (requested -> active):
  custom:video-decoder-ogg-theora: a1e56fd34408186e4bbccfd4996cb3dc -> 
  custom:container-muxer-webm: aa71ff27fc2769a1b78a27578f13a17b -> 
  custom:container-demuxer-webm: 4f35f7cbe854078d1ac9338744f61a02 -> 
  custom:video-encoder-webm-vp8: eb34c28f22e8b96e1ab97ce403110664 -> 
  custom:video-codec-MediaFoundation-h265: 746d11721c4dcdbdad8f713fa42b33f4 -> 
  custom:audio-encoder-webm-vorbis: bf7c407c2cedff20999df2af8eb42d56 -> 
  custom:framework-win-MediaFoundation: 216162199b28c13a410421893ffa2e32 -> 
  custom:container-demuxer-ogg: 62fdf1f143b41e24485cea50d1cbac27 -> 
  custom:video-decoder-webm-vp8: 9c59270c3fd7afecdb556c50c9e8de78 -> 
  custom:audio-decoder-ogg-vorbis: bf7c407c2cedff20999df2af8eb42d56 -> 
========================================================================
Received Import Request.
  Time since last request: 136.279283 seconds.
  path: Assets/renderer/New 2D Renderer Data 1.asset
  artifactKey: Guid(7f0b2687a54f77b408b39fbd27d312cf) Importer(815301076,1909f56bfc062723c751e8b465ee728b)
Start importing Assets/renderer/New 2D Renderer Data 1.asset using Guid(7f0b2687a54f77b408b39fbd27d312cf) Importer(815301076,1909f56bfc062723c751e8b465ee728b)  -> (artifact id: 'a23a4bc75ac749edd2be32066a470edd') in 0.028049 seconds 
========================================================================
Received Import Request.
  Time since last request: 0.000025 seconds.
  path: Assets/renderer/New 2D Renderer Data.asset
  artifactKey: Guid(398e6be232bccf444b0b61401180273e) Importer(815301076,1909f56bfc062723c751e8b465ee728b)
Start importing Assets/renderer/New 2D Renderer Data.asset using Guid(398e6be232bccf444b0b61401180273e) Importer(815301076,1909f56bfc062723c751e8b465ee728b)  -> (artifact id: '034959a6b706d2cd8933d6a8fd2f9f41') in 0.008993 seconds 
========================================================================
Received Import Request.
  Time since last request: 20.062403 seconds.
  path: Assets/Scenes
  artifactKey: Guid(9083e51485f1abf43aadba3c21c86248) Importer(815301076,1909f56bfc062723c751e8b465ee728b)
Start importing Assets/Scenes using Guid(9083e51485f1abf43aadba3c21c86248) Importer(815301076,1909f56bfc062723c751e8b465ee728b)  -> (artifact id: '433de3d03502a7bfad977bacc70ace21') in 0.003523 seconds 
========================================================================
Received Import Request.
  Time since last request: 1.314413 seconds.
  path: Assets/Scenes/SampleScene.unity
  artifactKey: Guid(2cda990e2423bbf4892e6590ba056729) Importer(815301076,1909f56bfc062723c751e8b465ee728b)
Start importing Assets/Scenes/SampleScene.unity using Guid(2cda990e2423bbf4892e6590ba056729) Importer(815301076,1909f56bfc062723c751e8b465ee728b)  -> (artifact id: '3aed8f7dd55e97bc2670b3d5a8507feb') in 0.008344 seconds 
